ra
ra
ra
ra
pb
pb
ra
ra
ra
ra
ra
ra
ra
ra
ra
ra
ra
ra
ra
ra
ra
ra
ra
ra
ra
ra
ra
ra
pb
ra
ra
ra
ra
ra
ra
ra
ra
ra
ra
ra
ra
ra
ra
ra
ra
ra
ra
ra
ra
ra
pb
ra
pb
ra
ra
ra
ra
ra
ra
ra
ra
pb
ra
pb
ra
ra
ra
ra
pb
ra
ra
ra
ra
ra
ra
ra
ra
ra
ra
ra
ra
ra
ra
pb
len: 100
div: 11
target: -883
ra
ra
ra
ra
ra
pb
ra
ra
ra
ra
ra
ra
ra
ra
ra
ra
ra
pb
ra
ra
pb
ra
ra
ra
ra
ra
ra
ra
ra
ra
ra
ra
ra
ra
ra
ra
pb
ra
ra
ra
ra
ra
ra
ra
ra
pb
ra
ra
ra
ra
ra
ra
ra
pb
ra
ra
ra
ra
ra
pb
ra
ra
ra
ra
ra
ra
pb
ra
ra
ra
ra
ra
ra
ra
ra
ra
ra
ra
ra
ra
ra
ra
ra
ra
ra
pb
len: 100
div: 11
target: -624
ra
ra
ra
ra
ra
ra
ra
pb
pb
ra
ra
pb
ra
ra
ra
ra
ra
ra
ra
ra
ra
ra
ra
ra
ra
ra
ra
ra
ra
ra
ra
pb
ra
ra
ra
ra
ra
ra
pb
ra
ra
ra
ra
ra
ra
ra
ra
pb
ra
ra
ra
ra
ra
ra
ra
ra
ra
ra
ra
ra
ra
ra
pb
ra
ra
ra
ra
ra
pb
ra
ra
ra
ra
ra
ra
ra
ra
ra
ra
pb
len: 100
div: 11
target: -481
pb
ra
ra
ra
ra
ra
ra
ra
ra
pb
ra
ra
ra
ra
ra
ra
ra
ra
ra
pb
pb
ra
ra
ra
ra
ra
ra
pb
ra
ra
ra
ra
ra
ra
ra
pb
ra
ra
ra
ra
pb
ra
ra
ra
ra
ra
ra
ra
ra
ra
ra
ra
ra
ra
ra
ra
ra
ra
ra
ra
ra
ra
ra
pb
ra
ra
ra
ra
ra
ra
ra
pb
len: 100
div: 11
target: -314
pb
ra
ra
ra
ra
ra
ra
ra
ra
ra
ra
ra
ra
ra
ra
ra
pb
ra
ra
ra
ra
ra
ra
ra
ra
ra
ra
ra
ra
ra
ra
ra
ra
ra
ra
ra
ra
pb
pb
ra
ra
ra
pb
ra
ra
ra
ra
ra
ra
ra
pb
pb
pb
ra
ra
ra
ra
ra
ra
ra
ra
pb
len: 100
div: 11
target: -91
ra
ra
ra
ra
pb
pb
ra
pb
ra
ra
ra
ra
ra
ra
ra
ra
pb
ra
ra
ra
ra
ra
ra
ra
ra
ra
ra
ra
ra
ra
ra
ra
ra
ra
ra
ra
ra
pb
ra
ra
ra
ra
pb
pb
ra
ra
ra
ra
ra
pb
ra
pb
len: 100
div: 11
target: 86
ra
ra
pb
ra
ra
pb
ra
ra
ra
pb
ra
ra
pb
ra
ra
pb
ra
ra
ra
ra
ra
pb
ra
pb
ra
ra
pb
pb
len: 100
div: 11
target: 351
ra
pb
ra
ra
ra
pb
ra
ra
ra
ra
ra
ra
ra
ra
pb
ra
ra
ra
ra
ra
pb
pb
pb
ra
ra
ra
ra
ra
ra
pb
pb
ra
ra
ra
pb
len: 100
div: 11
target: 423
ra
pb
ra
pb
ra
pb
ra
ra
ra
pb
ra
ra
ra
ra
ra
ra
ra
ra
pb
pb
pb
ra
ra
pb
pb
len: 100
div: 11
target: 611
pb
pb
ra
pb
pb
ra
pb
pb
ra
ra
ra
pb
ra
pb
ra
ra
pb
len: 100
div: 11
target: 800
pb
pb
pb
pb
pb
pb
pb
ra
pb
pb
len: 100
div: 11
target: 942
pb
pb
pb
pb
pb
pb
pb
pb
pb
len: 100
div: 11
target: 0
pa
rb
rb
pa
rrb
pa
rb
rb
pa
rrb
pa
rb
rb
pa
rrb
rrb
rrb
pa
pa
rrb
pa
pa
rb
rb
rb
pa
rb
rb
rb
rb
pa
rrb
rrb
rrb
rrb
rrb
rrb
pa
rb
pa
rrb
pa
rb
pa
rrb
pa
rrb
pa
pa
pa
rb
rb
rb
rb
pa
rb
pa
rrb
rrb
rrb
pa
rb
pa
rrb
rrb
rrb
pa
rb
pa
pa
rrb
pa
rb
pa
rb
rb
rb
rb
rb
rb
pa
rrb
rrb
rrb
rrb
rrb
rrb
rrb
pa
rb
rb
rb
rb
rb
pa
rrb
rrb
rrb
rrb
pa
rb
rb
pa
rrb
pa
rrb
pa
rrb
pa
rb
rb
rb
rb
rb
rb
pa
rrb
rrb
rrb
rrb
rrb
rrb
pa
rb
rb
rb
pa
rrb
pa
rrb
rrb
pa
pa
pa
pa
pa
rb
pa
rrb
pa
rb
rb
rb
rb
rb
pa
pa
rrb
rrb
rrb
rrb
pa
rb
pa
rrb
rrb
pa
pa
pa
pa
rb
rb
rb
rb
rb
pa
rrb
rrb
pa
rb
rb
pa
rrb
pa
rrb
rrb
rrb
rrb
pa
rb
rb
pa
rrb
rrb
pa
pa
rb
rb
rb
rb
rb
rb
rb
rb
pa
rrb
rrb
rrb
rrb
rrb
pa
rrb
rrb
rrb
pa
rb
rb
rb
rb
pa
rrb
pa
rrb
rrb
rrb
pa
pa
rb
pa
rrb
pa
rb
rb
rb
rb
pa
rrb
rrb
pa
rb
rb
rb
rb
pa
rrb
rrb
rrb
rrb
rrb
pa
rb
rb
rb
pa
rrb
rrb
pa
rrb
pa
pa
rrb
pa
rb
rb
rb
rb
rb
rb
rb
pa
pa
rrb
pa
rrb
pa
rrb
rrb
rrb
rrb
rrb
pa
rb
pa
rrb
pa
rb
pa
rrb
pa
rb
rb
pa
rb
rb
rb
pa
rb
pa
rrb
rrb
rrb
pa
rrb
rrb
pa
rb
pa
pa
rrb
pa
rrb
pa

-995
-982
-971
-962
-942
-941
-935
-888
-883
-873
-856
-852
-756
-731
-673
-668
-657
-624
-610
-593
-549
-519
-517
-494
-488
-483
-481
-447
-415
-408
-397
-366
-359
-343
-339
-314
-285
-244
-180
-172
-151
-116
-105
-103
-91
-84
-64
-58
-47
-41
-23
3
38
86
113
146
186
210
239
240
285
288
351
356
357
360
365
387
393
409
422
423
467
485
501
537
576
594
597
606
611
634
649
668
684
713
729
737
796
800
805
833
840
849
899
919
932
935
942
992
pile A

pile B

